<?xml version="1.0" encoding="UTF-8"?>
<testng-results skipped="0" failed="0" ignored="0" total="1" passed="1">
  <reporter-output>
  </reporter-output>
  <suite name="Default suite" duration-ms="49233" started-at="2020-09-16T16:33:33 CDT" finished-at="2020-09-16T16:34:23 CDT">
    <groups>
    </groups>
    <test name="Default test" duration-ms="49233" started-at="2020-09-16T16:33:33 CDT" finished-at="2020-09-16T16:34:23 CDT">
      <class name="TestNg.TestNg.SeleniumThirdAssignment">
        <test-method status="PASS" signature="ChromeLaunch()[pri:0, instance:TestNg.TestNg.SeleniumThirdAssignment@1efed156]" name="ChromeLaunch" duration-ms="49174" started-at="2020-09-16T16:33:33 CDT" finished-at="2020-09-16T16:34:23 CDT">
          <reporter-output>
          </reporter-output>
        </test-method> <!-- ChromeLaunch -->
      </class> <!-- TestNg.TestNg.SeleniumThirdAssignment -->
    </test> <!-- Default test -->
  </suite> <!-- Default suite -->
</testng-results>
